***********************************************************************
*
*	DYNAMIC LINK AND INDIRECT ALLOCATION LISTING FOR: Actividad.2.
*
***********************************************************************


***************************************************
	 FIRST CODE AREA
***************************************************

***************************************************
	 DATABLOCK PATCHES
***************************************************
*
* List of data blocks that will be checked run-time for consistency with
* their definition available at compile-time
*
*
*	REQUIREMENTS for DATA BLOCK %Q0
*		Process image: 0
*		Number of elements: 64
*		Data size (bytes): 1
0000	00 02 00 00 40 00 00 00 01 00 00 00 

*
*	REQUIREMENTS for DATA BLOCK %I0
*		Process image: 0
*		Number of elements: 64
*		Data size (bytes): 1
000C	00 01 00 00 40 00 00 00 01 00 00 00 

*
* List of all references to data allocated on data blocks
* along with the whole information required by the run-time linker
*
*
*	1 REFERENCE(S) TO 8-BIT VAR AT BYTE #4 OF DATA BLOCK %Q0
0000	00 00 00 00 04 00 00 00 02 01 01 00 

*		Instruction type: 0x00
*		Code offset: 0x000846
000C	46 08 00 00 

*
*	2 REFERENCE(S) TO 8-BIT VAR AT BYTE #4 OF DATA BLOCK %I0
0010	00 00 00 00 04 00 00 00 01 01 02 00 

*		Instruction type: 0x00
*		Code offset: 0x000293
001C	93 02 00 00 

*		Instruction type: 0x00
*		Code offset: 0x000309
0020	09 03 00 00 

*
*	2 REFERENCE(S) TO 8-BIT VAR AT BYTE #5 OF DATA BLOCK %Q0
0024	E0 8C 00 00 05 00 00 00 02 01 02 00 

*		Instruction type: 0x00
*		Code offset: 0x0002EE
0030	EE 02 00 00 

*		Instruction type: 0x00
*		Code offset: 0x000857
0034	57 08 00 00 

*
*	4 REFERENCE(S) TO 8-BIT VAR AT BYTE #0 OF DATA BLOCK %I0
0038	00 00 00 00 00 00 00 00 01 01 04 00 

*		Instruction type: 0x00
*		Code offset: 0x00016C
0044	6C 01 00 00 

*		Instruction type: 0x00
*		Code offset: 0x00017F
0048	7F 01 00 00 

*		Instruction type: 0x00
*		Code offset: 0x00019A
004C	9A 01 00 00 

*		Instruction type: 0x00
*		Code offset: 0x00023A
0050	3A 02 00 00 

*
*	1 REFERENCE(S) TO 8-BIT VAR AT BYTE #2 OF DATA BLOCK %Q0
0054	00 00 00 00 02 00 00 00 02 01 01 00 

*		Instruction type: 0x00
*		Code offset: 0x000824
0060	24 08 00 00 

*
*	1 REFERENCE(S) TO 8-BIT VAR AT BYTE #1 OF DATA BLOCK %Q0
0064	00 00 00 00 01 00 00 00 02 01 01 00 

*		Instruction type: 0x00
*		Code offset: 0x000809
0070	09 08 00 00 

*
*	1 REFERENCE(S) TO 8-BIT VAR AT BYTE #11 OF DATA BLOCK %I0
0074	00 00 00 00 0B 00 00 00 01 01 01 00 

*		Instruction type: 0x00
*		Code offset: 0x000204
0080	04 02 00 00 

*
*	3 REFERENCE(S) TO 8-BIT VAR AT BYTE #10 OF DATA BLOCK %I0
0084	00 00 00 00 0A 00 00 00 01 01 03 00 

*		Instruction type: 0x00
*		Code offset: 0x0001F1
0090	F1 01 00 00 

*		Instruction type: 0x00
*		Code offset: 0x00021F
0094	1F 02 00 00 

*		Instruction type: 0x00
*		Code offset: 0x00032E
0098	2E 03 00 00 

*
*	3 REFERENCE(S) TO 8-BIT VAR AT BYTE #12 OF DATA BLOCK %I0
009C	A0 8C 00 00 0C 00 00 00 01 01 03 00 

*		Instruction type: 0x00
*		Code offset: 0x00014B
00A8	4B 01 00 00 

*		Instruction type: 0x00
*		Code offset: 0x0001C4
00AC	C4 01 00 00 

*		Instruction type: 0x00
*		Code offset: 0x000368
00B0	68 03 00 00 

*
*	1 REFERENCE(S) TO 8-BIT VAR AT BYTE #6 OF DATA BLOCK %Q0
00B4	00 00 00 00 06 00 00 00 02 01 01 00 

*		Instruction type: 0x00
*		Code offset: 0x000868
00C0	68 08 00 00 

*
*	1 REFERENCE(S) TO 8-BIT VAR AT BYTE #7 OF DATA BLOCK %I0
00C4	00 00 00 00 07 00 00 00 01 01 01 00 

*		Instruction type: 0x00
*		Code offset: 0x0002B0
00D0	B0 02 00 00 

*
*	1 REFERENCE(S) TO 8-BIT VAR AT BYTE #12 OF DATA BLOCK %Q0
00D4	00 00 00 00 0C 00 00 00 02 01 01 00 

*		Instruction type: 0x00
*		Code offset: 0x0008CA
00E0	CA 08 00 00 

*
*	1 REFERENCE(S) TO 8-BIT VAR AT BYTE #11 OF DATA BLOCK %Q0
00E4	00 00 00 00 0B 00 00 00 02 01 01 00 

*		Instruction type: 0x00
*		Code offset: 0x0008B9
00F0	B9 08 00 00 

*
*	1 REFERENCE(S) TO 8-BIT VAR AT BYTE #10 OF DATA BLOCK %Q0
00F4	00 00 00 00 0A 00 00 00 02 01 01 00 

*		Instruction type: 0x00
*		Code offset: 0x00089E
0100	9E 08 00 00 

*
*	2 REFERENCE(S) TO 8-BIT VAR AT BYTE #3 OF DATA BLOCK %I0
0104	00 00 00 00 03 00 00 00 01 01 02 00 

*		Instruction type: 0x00
*		Code offset: 0x000255
0110	55 02 00 00 

*		Instruction type: 0x00
*		Code offset: 0x0002CB
0114	CB 02 00 00 

*
*	1 REFERENCE(S) TO 8-BIT VAR AT BYTE #3 OF DATA BLOCK %Q0
0118	00 00 00 00 03 00 00 00 02 01 01 00 

*		Instruction type: 0x00
*		Code offset: 0x000835
0124	35 08 00 00 

*
*	1 REFERENCE(S) TO 8-BIT VAR AT BYTE #7 OF DATA BLOCK %Q0
0128	00 00 00 00 07 00 00 00 02 01 01 00 

*		Instruction type: 0x00
*		Code offset: 0x000879
0134	79 08 00 00 

*
*	1 REFERENCE(S) TO 8-BIT VAR AT BYTE #0 OF DATA BLOCK %Q0
0138	00 00 00 00 00 00 00 00 02 01 01 00 

*		Instruction type: 0x00
*		Code offset: 0x0007DF
0144	DF 07 00 00 

*
*	2 REFERENCE(S) TO 8-BIT VAR AT BYTE #2 OF DATA BLOCK %I0
0148	00 00 00 00 02 00 00 00 01 01 02 00 

*		Instruction type: 0x00
*		Code offset: 0x00028B
0154	8B 02 00 00 

*		Instruction type: 0x00
*		Code offset: 0x000301
0158	01 03 00 00 

*
*	1 REFERENCE(S) TO 8-BIT VAR AT BYTE #5 OF DATA BLOCK %I0
015C	00 00 00 00 05 00 00 00 01 01 01 00 

*		Instruction type: 0x00
*		Code offset: 0x000270
0168	70 02 00 00 


***************************************************
	 FUNCTION PATCHES
***************************************************

***************************************************
	MEMORY AREA ACCESS PATCH
***************************************************
*
* List of all references to data allocated in memory areas
* along with the whole information required by the run-time linker
*
*
*	2 REFERENCE(S) TO 16-BIT VAR AT BYTE #12 OF DATA AREA
0000	44 02 02 00 0C 00 00 00 

*		Instruction type: 0x00
*		Code offset: 0x000137
0008	37 01 00 00 

*		Instruction type: 0x00
*		Code offset: 0x000143
000C	43 01 00 00 

*
*	6 REFERENCE(S) TO 8-BIT VAR AT BYTE #14 OF DATA AREA
0010	44 01 06 00 0E 00 00 00 

*		Instruction type: 0x00
*		Code offset: 0x000153
0018	53 01 00 00 

*		Instruction type: 0x00
*		Code offset: 0x0001A2
001C	A2 01 00 00 

*		Instruction type: 0x00
*		Code offset: 0x00049E
0020	9E 04 00 00 

*		Instruction type: 0x00
*		Code offset: 0x0004A6
0024	A6 04 00 00 

*		Instruction type: 0x00
*		Code offset: 0x0004CE
0028	CE 04 00 00 

*		Instruction type: 0x00
*		Code offset: 0x000506
002C	06 05 00 00 

*
*	3 REFERENCE(S) TO 8-BIT VAR AT BYTE #15 OF DATA AREA
0030	44 01 03 00 0F 00 00 00 

*		Instruction type: 0x00
*		Code offset: 0x00015D
0038	5D 01 00 00 

*		Instruction type: 0x00
*		Code offset: 0x0001BC
003C	BC 01 00 00 

*		Instruction type: 0x00
*		Code offset: 0x00050E
0040	0E 05 00 00 

*
*	4 REFERENCE(S) TO 8-BIT VAR AT BYTE #16 OF DATA AREA
0044	44 01 04 00 10 00 00 00 

*		Instruction type: 0x00
*		Code offset: 0x000177
004C	77 01 00 00 

*		Instruction type: 0x00
*		Code offset: 0x0001AC
0050	AC 01 00 00 

*		Instruction type: 0x00
*		Code offset: 0x000338
0054	38 03 00 00 

*		Instruction type: 0x00
*		Code offset: 0x0004AE
0058	AE 04 00 00 

*
*	5 REFERENCE(S) TO 8-BIT VAR AT BYTE #17 OF DATA AREA
005C	44 01 05 00 11 00 00 00 

*		Instruction type: 0x00
*		Code offset: 0x000187
0064	87 01 00 00 

*		Instruction type: 0x00
*		Code offset: 0x000391
0068	91 03 00 00 

*		Instruction type: 0x00
*		Code offset: 0x0004BF
006C	BF 04 00 00 

*		Instruction type: 0x00
*		Code offset: 0x0004D6
0070	D6 04 00 00 

*		Instruction type: 0x00
*		Code offset: 0x0004FE
0074	FE 04 00 00 

*
*	2 REFERENCE(S) TO 8-BIT VAR AT BYTE #18 OF DATA AREA
0078	44 01 02 00 12 00 00 00 

*		Instruction type: 0x00
*		Code offset: 0x000192
0080	92 01 00 00 

*		Instruction type: 0x00
*		Code offset: 0x0004DE
0084	DE 04 00 00 

*
*	5 REFERENCE(S) TO 8-BIT VAR AT BYTE #19 OF DATA AREA
0088	44 01 05 00 13 00 00 00 

*		Instruction type: 0x00
*		Code offset: 0x0001CC
0090	CC 01 00 00 

*		Instruction type: 0x00
*		Code offset: 0x0003AD
0094	AD 03 00 00 

*		Instruction type: 0x00
*		Code offset: 0x00051F
0098	1F 05 00 00 

*		Instruction type: 0x00
*		Code offset: 0x000536
009C	36 05 00 00 

*		Instruction type: 0x00
*		Code offset: 0x00055E
00A0	5E 05 00 00 

*
*	2 REFERENCE(S) TO 8-BIT VAR AT BYTE #20 OF DATA AREA
00A4	44 01 02 00 14 00 00 00 

*		Instruction type: 0x00
*		Code offset: 0x0001D7
00AC	D7 01 00 00 

*		Instruction type: 0x00
*		Code offset: 0x00053E
00B0	3E 05 00 00 

*
*	5 REFERENCE(S) TO 8-BIT VAR AT BYTE #21 OF DATA AREA
00B4	44 01 05 00 15 00 00 00 

*		Instruction type: 0x00
*		Code offset: 0x0001DF
00BC	DF 01 00 00 

*		Instruction type: 0x00
*		Code offset: 0x00039E
00C0	9E 03 00 00 

*		Instruction type: 0x00
*		Code offset: 0x0004EF
00C4	EF 04 00 00 

*		Instruction type: 0x00
*		Code offset: 0x00052E
00C8	2E 05 00 00 

*		Instruction type: 0x00
*		Code offset: 0x000566
00CC	66 05 00 00 

*
*	5 REFERENCE(S) TO 8-BIT VAR AT BYTE #22 OF DATA AREA
00D0	44 01 05 00 16 00 00 00 

*		Instruction type: 0x00
*		Code offset: 0x0001E7
00D8	E7 01 00 00 

*		Instruction type: 0x00
*		Code offset: 0x0003BC
00DC	BC 03 00 00 

*		Instruction type: 0x00
*		Code offset: 0x00054F
00E0	4F 05 00 00 

*		Instruction type: 0x00
*		Code offset: 0x000579
00E4	79 05 00 00 

*		Instruction type: 0x00
*		Code offset: 0x0005A6
00E8	A6 05 00 00 

*
*	3 REFERENCE(S) TO 8-BIT VAR AT BYTE #23 OF DATA AREA
00EC	44 01 03 00 17 00 00 00 

*		Instruction type: 0x00
*		Code offset: 0x0001FC
00F4	FC 01 00 00 

*		Instruction type: 0x00
*		Code offset: 0x00056E
00F8	6E 05 00 00 

*		Instruction type: 0x00
*		Code offset: 0x000581
00FC	81 05 00 00 

*
*	5 REFERENCE(S) TO 8-BIT VAR AT BYTE #24 OF DATA AREA
0100	44 01 05 00 18 00 00 00 

*		Instruction type: 0x00
*		Code offset: 0x00020C
0108	0C 02 00 00 

*		Instruction type: 0x00
*		Code offset: 0x0003CB
010C	CB 03 00 00 

*		Instruction type: 0x00
*		Code offset: 0x000597
0110	97 05 00 00 

*		Instruction type: 0x00
*		Code offset: 0x0005AE
0114	AE 05 00 00 

*		Instruction type: 0x00
*		Code offset: 0x0005D6
0118	D6 05 00 00 

*
*	2 REFERENCE(S) TO 8-BIT VAR AT BYTE #25 OF DATA AREA
011C	44 01 02 00 19 00 00 00 

*		Instruction type: 0x00
*		Code offset: 0x000217
0124	17 02 00 00 

*		Instruction type: 0x00
*		Code offset: 0x0005B6
0128	B6 05 00 00 

*
*	5 REFERENCE(S) TO 8-BIT VAR AT BYTE #26 OF DATA AREA
012C	44 01 05 00 1A 00 00 00 

*		Instruction type: 0x00
*		Code offset: 0x000227
0134	27 02 00 00 

*		Instruction type: 0x00
*		Code offset: 0x0003DA
0138	DA 03 00 00 

*		Instruction type: 0x00
*		Code offset: 0x0005C7
013C	C7 05 00 00 

*		Instruction type: 0x00
*		Code offset: 0x0005DE
0140	DE 05 00 00 

*		Instruction type: 0x00
*		Code offset: 0x00061E
0144	1E 06 00 00 

*
*	2 REFERENCE(S) TO 8-BIT VAR AT BYTE #27 OF DATA AREA
0148	44 01 02 00 1B 00 00 00 

*		Instruction type: 0x00
*		Code offset: 0x000232
0150	32 02 00 00 

*		Instruction type: 0x00
*		Code offset: 0x0005E6
0154	E6 05 00 00 

*
*	8 REFERENCE(S) TO 8-BIT VAR AT BYTE #28 OF DATA AREA
0158	44 01 08 00 1C 00 00 00 

*		Instruction type: 0x00
*		Code offset: 0x000242
0160	42 02 00 00 

*		Instruction type: 0x00
*		Code offset: 0x0003E9
0164	E9 03 00 00 

*		Instruction type: 0x00
*		Code offset: 0x00060F
0168	0F 06 00 00 

*		Instruction type: 0x00
*		Code offset: 0x000626
016C	26 06 00 00 

*		Instruction type: 0x00
*		Code offset: 0x00064E
0170	4E 06 00 00 

*		Instruction type: 0x00
*		Code offset: 0x00082C
0174	2C 08 00 00 

*		Instruction type: 0x00
*		Code offset: 0x00084E
0178	4E 08 00 00 

*		Instruction type: 0x00
*		Code offset: 0x000881
017C	81 08 00 00 

*
*	2 REFERENCE(S) TO 8-BIT VAR AT BYTE #29 OF DATA AREA
0180	44 01 02 00 1D 00 00 00 

*		Instruction type: 0x00
*		Code offset: 0x00024D
0188	4D 02 00 00 

*		Instruction type: 0x00
*		Code offset: 0x00062E
018C	2E 06 00 00 

*
*	7 REFERENCE(S) TO 8-BIT VAR AT BYTE #30 OF DATA AREA
0190	44 01 07 00 1E 00 00 00 

*		Instruction type: 0x00
*		Code offset: 0x00025D
0198	5D 02 00 00 

*		Instruction type: 0x00
*		Code offset: 0x0003F8
019C	F8 03 00 00 

*		Instruction type: 0x00
*		Code offset: 0x00063F
01A0	3F 06 00 00 

*		Instruction type: 0x00
*		Code offset: 0x000656
01A4	56 06 00 00 

*		Instruction type: 0x00
*		Code offset: 0x00067E
01A8	7E 06 00 00 

*		Instruction type: 0x00
*		Code offset: 0x0007D6
01AC	D6 07 00 00 

*		Instruction type: 0x00
*		Code offset: 0x0008A6
01B0	A6 08 00 00 

*
*	2 REFERENCE(S) TO 8-BIT VAR AT BYTE #31 OF DATA AREA
01B4	44 01 02 00 1F 00 00 00 

*		Instruction type: 0x00
*		Code offset: 0x000268
01BC	68 02 00 00 

*		Instruction type: 0x00
*		Code offset: 0x00065E
01C0	5E 06 00 00 

*
*	6 REFERENCE(S) TO 8-BIT VAR AT BYTE #32 OF DATA AREA
01C4	44 01 06 00 20 00 00 00 

*		Instruction type: 0x00
*		Code offset: 0x000278
01CC	78 02 00 00 

*		Instruction type: 0x00
*		Code offset: 0x000407
01D0	07 04 00 00 

*		Instruction type: 0x00
*		Code offset: 0x00066F
01D4	6F 06 00 00 

*		Instruction type: 0x00
*		Code offset: 0x000686
01D8	86 06 00 00 

*		Instruction type: 0x00
*		Code offset: 0x0006AE
01DC	AE 06 00 00 

*		Instruction type: 0x00
*		Code offset: 0x0007E7
01E0	E7 07 00 00 

*
*	2 REFERENCE(S) TO 8-BIT VAR AT BYTE #33 OF DATA AREA
01E4	44 01 02 00 21 00 00 00 

*		Instruction type: 0x00
*		Code offset: 0x000283
01EC	83 02 00 00 

*		Instruction type: 0x00
*		Code offset: 0x00068E
01F0	8E 06 00 00 

*
*	7 REFERENCE(S) TO 8-BIT VAR AT BYTE #34 OF DATA AREA
01F4	44 01 07 00 22 00 00 00 

*		Instruction type: 0x00
*		Code offset: 0x00029D
01FC	9D 02 00 00 

*		Instruction type: 0x00
*		Code offset: 0x000416
0200	16 04 00 00 

*		Instruction type: 0x00
*		Code offset: 0x00069F
0204	9F 06 00 00 

*		Instruction type: 0x00
*		Code offset: 0x0006B6
0208	B6 06 00 00 

*		Instruction type: 0x00
*		Code offset: 0x0006DE
020C	DE 06 00 00 

*		Instruction type: 0x00
*		Code offset: 0x0007EF
0210	EF 07 00 00 

*		Instruction type: 0x00
*		Code offset: 0x000889
0214	89 08 00 00 

*
*	2 REFERENCE(S) TO 8-BIT VAR AT BYTE #35 OF DATA AREA
0218	44 01 02 00 23 00 00 00 

*		Instruction type: 0x00
*		Code offset: 0x0002A8
0220	A8 02 00 00 

*		Instruction type: 0x00
*		Code offset: 0x0006BE
0224	BE 06 00 00 

*
*	6 REFERENCE(S) TO 8-BIT VAR AT BYTE #36 OF DATA AREA
0228	44 01 06 00 24 00 00 00 

*		Instruction type: 0x00
*		Code offset: 0x0002B8
0230	B8 02 00 00 

*		Instruction type: 0x00
*		Code offset: 0x000425
0234	25 04 00 00 

*		Instruction type: 0x00
*		Code offset: 0x0006CF
0238	CF 06 00 00 

*		Instruction type: 0x00
*		Code offset: 0x0006E6
023C	E6 06 00 00 

*		Instruction type: 0x00
*		Code offset: 0x00070E
0240	0E 07 00 00 

*		Instruction type: 0x00
*		Code offset: 0x00083D
0244	3D 08 00 00 

*
*	2 REFERENCE(S) TO 8-BIT VAR AT BYTE #37 OF DATA AREA
0248	44 01 02 00 25 00 00 00 

*		Instruction type: 0x00
*		Code offset: 0x0002C3
0250	C3 02 00 00 

*		Instruction type: 0x00
*		Code offset: 0x0006EE
0254	EE 06 00 00 

*
*	6 REFERENCE(S) TO 8-BIT VAR AT BYTE #38 OF DATA AREA
0258	44 01 06 00 26 00 00 00 

*		Instruction type: 0x00
*		Code offset: 0x0002D3
0260	D3 02 00 00 

*		Instruction type: 0x00
*		Code offset: 0x000434
0264	34 04 00 00 

*		Instruction type: 0x00
*		Code offset: 0x0006FF
0268	FF 06 00 00 

*		Instruction type: 0x00
*		Code offset: 0x000716
026C	16 07 00 00 

*		Instruction type: 0x00
*		Code offset: 0x00073E
0270	3E 07 00 00 

*		Instruction type: 0x00
*		Code offset: 0x0008AE
0274	AE 08 00 00 

*
*	2 REFERENCE(S) TO 8-BIT VAR AT BYTE #39 OF DATA AREA
0278	44 01 02 00 27 00 00 00 

*		Instruction type: 0x00
*		Code offset: 0x0002DE
0280	DE 02 00 00 

*		Instruction type: 0x00
*		Code offset: 0x00071E
0284	1E 07 00 00 

*
*	7 REFERENCE(S) TO 8-BIT VAR AT BYTE #40 OF DATA AREA
0288	44 01 07 00 28 00 00 00 

*		Instruction type: 0x00
*		Code offset: 0x0002E6
0290	E6 02 00 00 

*		Instruction type: 0x00
*		Code offset: 0x000443
0294	43 04 00 00 

*		Instruction type: 0x00
*		Code offset: 0x00072F
0298	2F 07 00 00 

*		Instruction type: 0x00
*		Code offset: 0x000746
029C	46 07 00 00 

*		Instruction type: 0x00
*		Code offset: 0x00076E
02A0	6E 07 00 00 

*		Instruction type: 0x00
*		Code offset: 0x0007F9
02A4	F9 07 00 00 

*		Instruction type: 0x00
*		Code offset: 0x000870
02A8	70 08 00 00 

*
*	2 REFERENCE(S) TO 8-BIT VAR AT BYTE #41 OF DATA AREA
02AC	44 01 02 00 29 00 00 00 

*		Instruction type: 0x00
*		Code offset: 0x0002F9
02B4	F9 02 00 00 

*		Instruction type: 0x00
*		Code offset: 0x00074E
02B8	4E 07 00 00 

*
*	6 REFERENCE(S) TO 8-BIT VAR AT BYTE #42 OF DATA AREA
02BC	44 01 06 00 2A 00 00 00 

*		Instruction type: 0x00
*		Code offset: 0x000313
02C4	13 03 00 00 

*		Instruction type: 0x00
*		Code offset: 0x000452
02C8	52 04 00 00 

*		Instruction type: 0x00
*		Code offset: 0x00075F
02CC	5F 07 00 00 

*		Instruction type: 0x00
*		Code offset: 0x000776
02D0	76 07 00 00 

*		Instruction type: 0x00
*		Code offset: 0x000811
02D4	11 08 00 00 

*		Instruction type: 0x00
*		Code offset: 0x000893
02D8	93 08 00 00 

*
*	3 REFERENCE(S) TO 8-BIT VAR AT BYTE #43 OF DATA AREA
02DC	44 01 03 00 2B 00 00 00 

*		Instruction type: 0x00
*		Code offset: 0x00031E
02E4	1E 03 00 00 

*		Instruction type: 0x00
*		Code offset: 0x00077E
02E8	7E 07 00 00 

*		Instruction type: 0x00
*		Code offset: 0x00079E
02EC	9E 07 00 00 

*
*	7 REFERENCE(S) TO 8-BIT VAR AT BYTE #44 OF DATA AREA
02F0	44 01 07 00 2C 00 00 00 

*		Instruction type: 0x00
*		Code offset: 0x000326
02F8	26 03 00 00 

*		Instruction type: 0x00
*		Code offset: 0x000461
02FC	61 04 00 00 

*		Instruction type: 0x00
*		Code offset: 0x0005F1
0300	F1 05 00 00 

*		Instruction type: 0x00
*		Code offset: 0x0007A6
0304	A6 07 00 00 

*		Instruction type: 0x00
*		Code offset: 0x0007CE
0308	CE 07 00 00 

*		Instruction type: 0x00
*		Code offset: 0x000819
030C	19 08 00 00 

*		Instruction type: 0x00
*		Code offset: 0x00085F
0310	5F 08 00 00 

*
*	1 REFERENCE(S) TO 0-BIT VAR AT BYTE #45 OF DATA AREA
0314	44 00 01 00 2D 00 00 00 

*		Instruction type: 0x00
*		Code offset: 0x000349
031C	49 03 00 00 

*
*	1 REFERENCE(S) TO 8-BIT VAR AT BYTE #47 OF DATA AREA
0320	44 01 01 00 2F 00 00 00 

*		Instruction type: 0x00
*		Code offset: 0x000343
0328	43 03 00 00 

*
*	1 REFERENCE(S) TO 8-BIT VAR AT BYTE #51 OF DATA AREA
032C	44 01 01 00 33 00 00 00 

*		Instruction type: 0x00
*		Code offset: 0x000357
0334	57 03 00 00 

*
*	3 REFERENCE(S) TO 8-BIT VAR AT BYTE #54 OF DATA AREA
0338	44 01 03 00 36 00 00 00 

*		Instruction type: 0x00
*		Code offset: 0x000360
0340	60 03 00 00 

*		Instruction type: 0x00
*		Code offset: 0x0005F9
0344	F9 05 00 00 

*		Instruction type: 0x00
*		Code offset: 0x00078F
0348	8F 07 00 00 

*
*	5 REFERENCE(S) TO 8-BIT VAR AT BYTE #55 OF DATA AREA
034C	44 01 05 00 37 00 00 00 

*		Instruction type: 0x00
*		Code offset: 0x000370
0354	70 03 00 00 

*		Instruction type: 0x00
*		Code offset: 0x000470
0358	70 04 00 00 

*		Instruction type: 0x00
*		Code offset: 0x000480
035C	80 04 00 00 

*		Instruction type: 0x00
*		Code offset: 0x0007BF
0360	BF 07 00 00 

*		Instruction type: 0x00
*		Code offset: 0x0008C1
0364	C1 08 00 00 

*
*	2 REFERENCE(S) TO 8-BIT VAR AT BYTE #56 OF DATA AREA
0368	44 01 02 00 38 00 00 00 

*		Instruction type: 0x00
*		Code offset: 0x00037B
0370	7B 03 00 00 

*		Instruction type: 0x00
*		Code offset: 0x0007AE
0374	AE 07 00 00 

*
*	1 REFERENCE(S) TO 8-BIT VAR AT BYTE #57 OF DATA AREA
0378	44 01 01 00 39 00 00 00 

*		Instruction type: 0x00
*		Code offset: 0x000389
0380	89 03 00 00 

*
*	1 REFERENCE(S) TO 8-BIT VAR AT BYTE #58 OF DATA AREA
0384	44 01 01 00 3A 00 00 00 

*		Instruction type: 0x00
*		Code offset: 0x000488
038C	88 04 00 00 

*
*	2 REFERENCE(S) TO 32-BIT VAR AT BYTE #60 OF DATA AREA
0390	44 04 02 00 3C 00 00 00 

*		Instruction type: 0x00
*		Code offset: 0x0008EA
0398	EA 08 00 00 

*		Instruction type: 0x00
*		Code offset: 0x0008F5
039C	F5 08 00 00 

*
*	1 REFERENCE(S) TO 48-BIT VAR AT BYTE #84 OF DATA AREA
03A0	44 06 01 00 54 00 00 00 

*		Instruction type: 0x00
*		Code offset: 0x0008E4
03A8	E4 08 00 00 

*
*	1 REFERENCE(S) TO 48-BIT VAR AT BYTE #90 OF DATA AREA
03AC	44 06 01 00 5A 00 00 00 

*		Instruction type: 0x00
*		Code offset: 0x0008EF
03B4	EF 08 00 00 

